  Moc'ing addressbookpage.h...
  Moc'ing addresstablemodel.h...
  Moc'ing askpassphrasedialog.h...
  Moc'ing bantablemodel.h...
  Moc'ing bitcoinaddressvalidator.h...
  Moc'ing bitcoinamountfield.h...
  Moc'ing bitcoingui.h...
  Moc'ing bitcoinunits.h...
  Moc'ing clientmodel.h...
  Moc'ing coincontroldialog.h...
  Moc'ing coincontroltreewidget.h...
  Moc'ing csvmodelwriter.h...
  Moc'ing editaddressdialog.h...
  Moc'ing walletview.h...
  Moc'ing walletmodel.h...
  Moc'ing walletframe.h...
  Moc'ing utilitydialog.h...
  Moc'ing transactionview.h...
  Moc'ing transactiontablemodel.h...
  Moc'ing transactionfilterproxy.h...
  Moc'ing transactiondescdialog.h...
  Moc'ing transactiondesc.h...
  Moc'ing trafficgraphwidget.h...
  Moc'ing splashscreen.h...
  Moc'ing signverifymessagedialog.h...
  Moc'ing sendcoinsentry.h...
  Moc'ing sendcoinsdialog.h...
  Moc'ing rpcconsole.h...
  Moc'ing recentrequeststablemodel.h...
  Moc'ing receiverequestdialog.h...
  Moc'ing receivecoinsdialog.h...
  Moc'ing qvaluecombobox.h...
  Moc'ing qvalidatedlineedit.h...
  Moc'ing peertablemodel.h...
  Moc'ing paymentserver.h...
  Moc'ing overviewpage.h...
  Moc'ing optionsmodel.h...
  Moc'ing optionsdialog.h...
  Moc'ing openuridialog.h...
  Moc'ing notificator.h...
  Moc'ing modaloverlay.h...
  Moc'ing macnotificationhandler.h...
  Moc'ing macdockiconhandler.h...
  Moc'ing intro.h...
  Moc'ing guiutil.h...
  addressbookpage.cpp
  addresstablemodel.cpp
  askpassphrasedialog.cpp
  bantablemodel.cpp
  bitcoinaddressvalidator.cpp
  bitcoingui.cpp
  bitcoinstrings.cpp
  bitcoinunits.cpp
  clientmodel.cpp
  coincontroldialog.cpp
  coincontroltreewidget.cpp
  csvmodelwriter.cpp
  Unknown compiler version - please run the configure tests and report the results
  editaddressdialog.cpp
  Unknown compiler version - please run the configure tests and report the results
  Unknown compiler version - please run the configure tests and report the results
  Unknown compiler version - please run the configure tests and report the results
  Unknown compiler version - please run the configure tests and report the results
  Unknown compiler version - please run the configure tests and report the results
  Unknown compiler version - please run the configure tests and report the results
  guiutil.cpp
d:\2.code\bitcoin-abc\src\qt\paymentrequestplus.h(8): warning C4068: 未知的杂注 (编译源文件 askpassphrasedialog.cpp)
d:\2.code\bitcoin-abc\src\qt\paymentrequestplus.h(9): warning C4068: 未知的杂注 (编译源文件 askpassphrasedialog.cpp)
  modaloverlay.cpp
d:\2.code\bitcoin-abc\src\qt\paymentrequestplus.h(11): warning C4068: 未知的杂注 (编译源文件 askpassphrasedialog.cpp)
  Unknown compiler version - please run the configure tests and report the results
  Unknown compiler version - please run the configure tests and report the results
  Unknown compiler version - please run the configure tests and report the results
d:\2.code\bitcoin-abc\src\coins.h(42): warning C4805: “|”: 在操作中将类型“uint32_t”与类型“bool”混合不安全 (编译源文件 coincontroldialog.cpp)
  networkstyle.cpp
  notificator.cpp
d:\2.code\bitcoin-abc\src\qt\paymentrequestplus.h(8): warning C4068: 未知的杂注 (编译源文件 addresstablemodel.cpp)
d:\2.code\bitcoin-abc\src\qt\paymentrequestplus.h(9): warning C4068: 未知的杂注 (编译源文件 addresstablemodel.cpp)
  openuridialog.cpp
d:\2.code\bitcoin-abc\src\qt\paymentrequestplus.h(11): warning C4068: 未知的杂注 (编译源文件 addresstablemodel.cpp)
  optionsdialog.cpp
  Unknown compiler version - please run the configure tests and report the results
  optionsmodel.cpp
  paymentrequest.pb.cc
  paymentrequestplus.cpp
d:\2.code\bitcoin-abc\src\qt\paymentrequestplus.h(8): warning C4068: 未知的杂注 (编译源文件 paymentrequestplus.cpp)
d:\2.code\bitcoin-abc\src\qt\paymentrequestplus.h(9): warning C4068: 未知的杂注 (编译源文件 paymentrequestplus.cpp)
  Unknown compiler version - please run the configure tests and report the results
d:\2.code\bitcoin-abc\src\coins.h(42): warning C4805: “|”: 在操作中将类型“uint32_t”与类型“bool”混合不安全 (编译源文件 clientmodel.cpp)
d:\2.code\bitcoin-abc\src\qt\paymentrequestplus.h(8): warning C4068: 未知的杂注 (编译源文件 bitcoingui.cpp)
d:\2.code\bitcoin-abc\src\qt\paymentrequestplus.h(9): warning C4068: 未知的杂注 (编译源文件 bitcoingui.cpp)
d:\2.code\bitcoin-abc\src\qt\paymentrequestplus.h(8): warning C4068: 未知的杂注 (编译源文件 guiutil.cpp)
d:\2.code\bitcoin-abc\src\qt\paymentrequestplus.h(9): warning C4068: 未知的杂注 (编译源文件 guiutil.cpp)
d:\2.code\bitcoin-abc\src\qt\paymentrequestplus.h(8): warning C4068: 未知的杂注 (编译源文件 coincontroldialog.cpp)
d:\2.code\bitcoin-abc\src\qt\paymentrequestplus.h(9): warning C4068: 未知的杂注 (编译源文件 coincontroldialog.cpp)
d:\2.code\bitcoin-abc\src\qt\paymentrequestplus.h(11): warning C4068: 未知的杂注 (编译源文件 paymentrequestplus.cpp)
d:\2.code\bitcoin-abc\src\qt\paymentrequestplus.h(11): warning C4068: 未知的杂注 (编译源文件 bitcoingui.cpp)
  Unknown compiler version - please run the configure tests and report the results
d:\2.code\bitcoin-abc\src\qt\paymentrequestplus.h(11): warning C4068: 未知的杂注 (编译源文件 guiutil.cpp)
  paymentserver.cpp
d:\2.code\bitcoin-abc\src\qt\paymentrequestplus.h(8): warning C4068: 未知的杂注 (编译源文件 paymentserver.cpp)
d:\2.code\bitcoin-abc\src\qt\paymentrequestplus.h(9): warning C4068: 未知的杂注 (编译源文件 paymentserver.cpp)
d:\2.code\bitcoin-abc\src\qt\paymentrequestplus.h(11): warning C4068: 未知的杂注 (编译源文件 coincontroldialog.cpp)
  Unknown compiler version - please run the configure tests and report the results
d:\2.code\bitcoin-abc\src\qt\paymentrequestplus.h(8): warning C4068: 未知的杂注 (编译源文件 openuridialog.cpp)
d:\2.code\bitcoin-abc\src\qt\paymentrequestplus.h(9): warning C4068: 未知的杂注 (编译源文件 openuridialog.cpp)
  Unknown compiler version - please run the configure tests and report the results
  peertablemodel.cpp
d:\2.code\bitcoin-abc\src\qt\paymentrequestplus.h(11): warning C4068: 未知的杂注 (编译源文件 openuridialog.cpp)
d:\2.code\bitcoin-abc\src\qt\paymentrequestplus.h(11): warning C4068: 未知的杂注 (编译源文件 paymentserver.cpp)
  Unknown compiler version - please run the configure tests and report the results
  platformstyle.cpp
d:\2.code\bitcoin-abc\src\coins.h(42): warning C4805: “|”: 在操作中将类型“uint32_t”与类型“bool”混合不安全 (编译源文件 optionsdialog.cpp)
  Unknown compiler version - please run the configure tests and report the results
  qvalidatedlineedit.cpp
  qvaluecombobox.cpp
d:\2.code\bitcoin-abc\src\coins.h(42): warning C4805: “|”: 在操作中将类型“uint32_t”与类型“bool”混合不安全 (编译源文件 optionsmodel.cpp)
d:\qt\qt5.9.6\5.9.6\winrt_x86_msvc2017\include\qtnetwork\qtnetwork-config.h(11): warning C4005: “QT_NO_NETWORKPROXY”: 宏重定义 (编译源文件 paymentrequestplus.cpp)
  d:\qt\qt5.9.6\5.9.6\winrt_x86_msvc2017\include\qtnetwork\qtnetwork-config.h(11): note: 命令行参数: 参见前面的“QT_NO_NETWORKPROXY”定义 (编译源文件 paymentrequestplus.cpp)
d:\2.code\bitcoin-abc\src\qt\paymentrequestplus.cpp(176): error C2079: “_ctx”使用未定义的 struct“evp_md_ctx_st”
d:\2.code\bitcoin-abc\src\qt\paymentrequestplus.cpp(178): error C2440: “=”: 无法从“int *”转换为“EVP_MD_CTX *”
  d:\2.code\bitcoin-abc\src\qt\paymentrequestplus.cpp(178): note: 与指向的类型无关；强制转换要求 reinterpret_cast、C 样式强制转换或函数样式强制转换
  receivecoinsdialog.cpp
  receiverequestdialog.cpp
  Unknown compiler version - please run the configure tests and report the results
  recentrequeststablemodel.cpp
  sendcoinsdialog.cpp
  sendcoinsentry.cpp
d:\2.code\bitcoin-abc\src\qt\paymentrequestplus.h(8): warning C4068: 未知的杂注 (编译源文件 receiverequestdialog.cpp)
d:\2.code\bitcoin-abc\src\qt\paymentrequestplus.h(9): warning C4068: 未知的杂注 (编译源文件 receiverequestdialog.cpp)
  signverifymessagedialog.cpp
d:\2.code\bitcoin-abc\src\qt\paymentrequestplus.h(11): warning C4068: 未知的杂注 (编译源文件 receiverequestdialog.cpp)
  Unknown compiler version - please run the configure tests and report the results
  splashscreen.cpp
d:\2.code\bitcoin-abc\src\qt\paymentrequestplus.h(8): warning C4068: 未知的杂注 (编译源文件 sendcoinsdialog.cpp)
d:\2.code\bitcoin-abc\src\qt\paymentrequestplus.h(9): warning C4068: 未知的杂注 (编译源文件 sendcoinsdialog.cpp)
d:\qt\qt5.9.6\5.9.6\winrt_x86_msvc2017\include\qtnetwork\qtnetwork-config.h(11): warning C4005: “QT_NO_NETWORKPROXY”: 宏重定义 (编译源文件 optionsmodel.cpp)
  d:\qt\qt5.9.6\5.9.6\winrt_x86_msvc2017\include\qtnetwork\qtnetwork-config.h(11): note: 命令行参数: 参见前面的“QT_NO_NETWORKPROXY”定义 (编译源文件 optionsmodel.cpp)
d:\2.code\bitcoin-abc\src\qt\paymentrequestplus.h(8): warning C4068: 未知的杂注 (编译源文件 recentrequeststablemodel.cpp)
d:\2.code\bitcoin-abc\src\qt\paymentrequestplus.h(9): warning C4068: 未知的杂注 (编译源文件 recentrequeststablemodel.cpp)
d:\2.code\bitcoin-abc\src\qt\optionsmodel.cpp(489): error C2027: 使用了未定义类型“QNetworkProxy”
  d:\2.code\bitcoin-abc\src\qt\optionsmodel.h(13): note: 参见“QNetworkProxy”的声明
d:\2.code\bitcoin-abc\src\qt\optionsmodel.cpp(489): error C2228: “.setType”的左边必须有类/结构/联合
d:\2.code\bitcoin-abc\src\qt\optionsmodel.cpp(489): error C2065: “Socks5Proxy”: 未声明的标识符
d:\2.code\bitcoin-abc\src\qt\optionsmodel.cpp(490): error C2027: 使用了未定义类型“QNetworkProxy”
  d:\2.code\bitcoin-abc\src\qt\optionsmodel.h(13): note: 参见“QNetworkProxy”的声明
d:\2.code\bitcoin-abc\src\qt\optionsmodel.cpp(490): error C2228: “.setHostName”的左边必须有类/结构/联合
d:\2.code\bitcoin-abc\src\qt\optionsmodel.cpp(491): error C2027: 使用了未定义类型“QNetworkProxy”
  d:\2.code\bitcoin-abc\src\qt\optionsmodel.h(13): note: 参见“QNetworkProxy”的声明
d:\2.code\bitcoin-abc\src\qt\optionsmodel.cpp(491): error C2228: “.setPort”的左边必须有类/结构/联合
d:\2.code\bitcoin-abc\src\qt\optionsmodel.cpp(495): error C2027: 使用了未定义类型“QNetworkProxy”
  d:\2.code\bitcoin-abc\src\qt\optionsmodel.h(13): note: 参见“QNetworkProxy”的声明
d:\2.code\bitcoin-abc\src\qt\optionsmodel.cpp(495): error C2228: “.setType”的左边必须有类/结构/联合
d:\2.code\bitcoin-abc\src\qt\optionsmodel.cpp(495): error C2065: “NoProxy”: 未声明的标识符
d:\2.code\bitcoin-abc\src\qt\paymentrequestplus.h(8): warning C4068: 未知的杂注 (编译源文件 sendcoinsentry.cpp)
d:\2.code\bitcoin-abc\src\qt\paymentrequestplus.h(9): warning C4068: 未知的杂注 (编译源文件 sendcoinsentry.cpp)
  trafficgraphwidget.cpp
d:\2.code\bitcoin-abc\src\coins.h(42): warning C4805: “|”: 在操作中将类型“uint32_t”与类型“bool”混合不安全 (编译源文件 peertablemodel.cpp)
d:\2.code\bitcoin-abc\src\qt\paymentrequestplus.h(11): warning C4068: 未知的杂注 (编译源文件 sendcoinsdialog.cpp)
d:\2.code\bitcoin-abc\src\qt\paymentrequestplus.h(11): warning C4068: 未知的杂注 (编译源文件 recentrequeststablemodel.cpp)
  Unknown compiler version - please run the configure tests and report the results
  Unknown compiler version - please run the configure tests and report the results
d:\2.code\bitcoin-abc\src\qt\paymentrequestplus.h(11): warning C4068: 未知的杂注 (编译源文件 sendcoinsentry.cpp)
  Unknown compiler version - please run the configure tests and report the results
  transactiondesc.cpp
  Unknown compiler version - please run the configure tests and report the results
d:\2.code\bitcoin-abc\src\qt\paymentrequestplus.h(8): warning C4068: 未知的杂注 (编译源文件 receivecoinsdialog.cpp)
d:\2.code\bitcoin-abc\src\qt\paymentrequestplus.h(9): warning C4068: 未知的杂注 (编译源文件 receivecoinsdialog.cpp)
d:\qt\qt5.9.6\5.9.6\winrt_x86_msvc2017\include\qtnetwork\qtnetwork-config.h(11): warning C4005: “QT_NO_NETWORKPROXY”: 宏重定义 (编译源文件 paymentserver.cpp)
  d:\qt\qt5.9.6\5.9.6\winrt_x86_msvc2017\include\qtnetwork\qtnetwork-config.h(11): note: 命令行参数: 参见前面的“QT_NO_NETWORKPROXY”定义 (编译源文件 paymentserver.cpp)
  Unknown compiler version - please run the configure tests and report the results
d:\2.code\bitcoin-abc\src\qt\paymentserver.cpp(414): error C2079: “proxy”使用未定义的 class“QNetworkProxy”
d:\2.code\bitcoin-abc\src\qt\paymentserver.cpp(417): error C2664: “bool OptionsModel::getProxySettings(QNetworkProxy &) const”: 无法将参数 1 从“int”转换为“QNetworkProxy &”
d:\2.code\bitcoin-abc\src\qt\paymentserver.cpp(418): error C2039: “setProxy”: 不是“QNetworkAccessManager”的成员
  d:\qt\qt5.9.6\5.9.6\winrt_x86_msvc2017\include\qtnetwork\qnetworkaccessmanager.h(73): note: 参见“QNetworkAccessManager”的声明
d:\2.code\bitcoin-abc\src\qt\paymentserver.cpp(420): error C2228: “.hostName”的左边必须有类/结构/联合
  d:\2.code\bitcoin-abc\src\qt\paymentserver.cpp(420): note: 类型是“int”
d:\2.code\bitcoin-abc\src\qt\paymentserver.cpp(420): error C2228: “.port”的左边必须有类/结构/联合
  d:\2.code\bitcoin-abc\src\qt\paymentserver.cpp(420): note: 类型是“int”
  transactiondescdialog.cpp
d:\2.code\bitcoin-abc\src\qt\paymentrequestplus.h(11): warning C4068: 未知的杂注 (编译源文件 receivecoinsdialog.cpp)
  transactionfilterproxy.cpp
  Unknown compiler version - please run the configure tests and report the results
  transactionrecord.cpp
d:\2.code\bitcoin-abc\src\qt\paymentrequestplus.h(8): warning C4068: 未知的杂注 (编译源文件 signverifymessagedialog.cpp)
d:\2.code\bitcoin-abc\src\qt\paymentrequestplus.h(9): warning C4068: 未知的杂注 (编译源文件 signverifymessagedialog.cpp)
d:\2.code\bitcoin-abc\src\coins.h(42): warning C4805: “|”: 在操作中将类型“uint32_t”与类型“bool”混合不安全 (编译源文件 sendcoinsdialog.cpp)
d:\2.code\bitcoin-abc\src\qt\paymentrequestplus.h(11): warning C4068: 未知的杂注 (编译源文件 signverifymessagedialog.cpp)
  transactiontablemodel.cpp
  transactionview.cpp
d:\2.code\bitcoin-abc\src\qt\paymentrequestplus.h(8): warning C4068: 未知的杂注 (编译源文件 transactiondesc.cpp)
d:\2.code\bitcoin-abc\src\qt\paymentrequestplus.h(9): warning C4068: 未知的杂注 (编译源文件 transactiondesc.cpp)
  utilitydialog.cpp
  Unknown compiler version - please run the configure tests and report the results
d:\2.code\bitcoin-abc\src\coins.h(42): warning C4805: “|”: 在操作中将类型“uint32_t”与类型“bool”混合不安全 (编译源文件 signverifymessagedialog.cpp)
d:\2.code\bitcoin-abc\src\qt\paymentrequestplus.h(11): warning C4068: 未知的杂注 (编译源文件 transactiondesc.cpp)
  Unknown compiler version - please run the configure tests and report the results
  walletframe.cpp
  walletmodel.cpp
  walletmodeltransaction.cpp
  walletview.cpp
d:\2.code\bitcoin-abc\src\coins.h(42): warning C4805: “|”: 在操作中将类型“uint32_t”与类型“bool”混合不安全 (编译源文件 transactionrecord.cpp)
  Unknown compiler version - please run the configure tests and report the results
d:\2.code\bitcoin-abc\src\qt\paymentrequestplus.h(8): warning C4068: 未知的杂注 (编译源文件 walletmodel.cpp)
d:\2.code\bitcoin-abc\src\qt\paymentrequestplus.h(9): warning C4068: 未知的杂注 (编译源文件 walletmodel.cpp)
d:\2.code\bitcoin-abc\src\qt\paymentrequestplus.h(8): warning C4068: 未知的杂注 (编译源文件 walletmodeltransaction.cpp)
d:\2.code\bitcoin-abc\src\qt\paymentrequestplus.h(9): warning C4068: 未知的杂注 (编译源文件 walletmodeltransaction.cpp)
  Unknown compiler version - please run the configure tests and report the results
d:\2.code\bitcoin-abc\src\qt\paymentrequestplus.h(11): warning C4068: 未知的杂注 (编译源文件 walletmodel.cpp)
d:\2.code\bitcoin-abc\src\qt\paymentrequestplus.h(11): warning C4068: 未知的杂注 (编译源文件 walletmodeltransaction.cpp)
  Unknown compiler version - please run the configure tests and report the results
  Unknown compiler version - please run the configure tests and report the results
  Unknown compiler version - please run the configure tests and report the results
d:\2.code\bitcoin-abc\src\qt\paymentrequestplus.h(8): warning C4068: 未知的杂注 (编译源文件 utilitydialog.cpp)
d:\2.code\bitcoin-abc\src\qt\paymentrequestplus.h(9): warning C4068: 未知的杂注 (编译源文件 utilitydialog.cpp)
  winshutdownmonitor.cpp
d:\2.code\bitcoin-abc\src\qt\paymentrequestplus.h(8): warning C4068: 未知的杂注 (编译源文件 transactiontablemodel.cpp)
d:\2.code\bitcoin-abc\src\qt\paymentrequestplus.h(9): warning C4068: 未知的杂注 (编译源文件 transactiontablemodel.cpp)
d:\2.code\bitcoin-abc\src\qt\paymentrequestplus.h(8): warning C4068: 未知的杂注 (编译源文件 transactionview.cpp)
d:\2.code\bitcoin-abc\src\qt\paymentrequestplus.h(9): warning C4068: 未知的杂注 (编译源文件 transactionview.cpp)
d:\2.code\bitcoin-abc\src\qt\paymentrequestplus.h(11): warning C4068: 未知的杂注 (编译源文件 utilitydialog.cpp)
d:\2.code\bitcoin-abc\src\coins.h(42): warning C4805: “|”: 在操作中将类型“uint32_t”与类型“bool”混合不安全 (编译源文件 transactiondesc.cpp)
d:\2.code\bitcoin-abc\src\qt\paymentrequestplus.h(11): warning C4068: 未知的杂注 (编译源文件 transactiontablemodel.cpp)
d:\2.code\bitcoin-abc\src\qt\paymentrequestplus.h(11): warning C4068: 未知的杂注 (编译源文件 transactionview.cpp)
  Unknown compiler version - please run the configure tests and report the results
d:\2.code\bitcoin-abc\src\qt\paymentrequestplus.h(8): warning C4068: 未知的杂注 (编译源文件 walletview.cpp)
d:\2.code\bitcoin-abc\src\qt\paymentrequestplus.h(9): warning C4068: 未知的杂注 (编译源文件 walletview.cpp)
d:\2.code\bitcoin-abc\src\qt\paymentrequestplus.h(11): warning C4068: 未知的杂注 (编译源文件 walletview.cpp)
d:\2.code\bitcoin-abc\src\coins.h(42): warning C4805: “|”: 在操作中将类型“uint32_t”与类型“bool”混合不安全 (编译源文件 transactiontablemodel.cpp)
  moc_addressbookpage.cpp
d:\2.code\bitcoin-abc\src\coins.h(42): warning C4805: “|”: 在操作中将类型“uint32_t”与类型“bool”混合不安全 (编译源文件 walletmodel.cpp)
  moc_addresstablemodel.cpp
  moc_askpassphrasedialog.cpp
  moc_bantablemodel.cpp
  moc_bitcoinaddressvalidator.cpp
  moc_bitcoinamountfield.cpp
  moc_bitcoingui.cpp
  moc_bitcoinunits.cpp
  Unknown compiler version - please run the configure tests and report the results
  moc_clientmodel.cpp
  moc_coincontroldialog.cpp
  moc_coincontroltreewidget.cpp
  moc_csvmodelwriter.cpp
  moc_editaddressdialog.cpp
  moc_walletview.cpp
  moc_walletmodel.cpp
  moc_walletframe.cpp
  moc_utilitydialog.cpp
  moc_transactionview.cpp
  moc_transactiontablemodel.cpp
d:\2.code\bitcoin-abc\src\qt\paymentrequestplus.h(8): warning C4068: 未知的杂注 (编译源文件 .\GeneratedFiles\Debug\moc_walletmodel.cpp)
d:\2.code\bitcoin-abc\src\qt\paymentrequestplus.h(9): warning C4068: 未知的杂注 (编译源文件 .\GeneratedFiles\Debug\moc_walletmodel.cpp)
d:\2.code\bitcoin-abc\src\qt\paymentrequestplus.h(11): warning C4068: 未知的杂注 (编译源文件 .\GeneratedFiles\Debug\moc_walletmodel.cpp)
  moc_transactionfilterproxy.cpp
  Unknown compiler version - please run the configure tests and report the results
  moc_transactiondescdialog.cpp
  moc_transactiondesc.cpp
  Unknown compiler version - please run the configure tests and report the results
  moc_trafficgraphwidget.cpp
  moc_splashscreen.cpp
  moc_signverifymessagedialog.cpp
  moc_sendcoinsentry.cpp
  moc_sendcoinsdialog.cpp
  moc_rpcconsole.cpp
  moc_recentrequeststablemodel.cpp
  moc_receiverequestdialog.cpp
d:\2.code\bitcoin-abc\src\qt\paymentrequestplus.h(8): warning C4068: 未知的杂注 (编译源文件 .\GeneratedFiles\Debug\moc_sendcoinsentry.cpp)
d:\2.code\bitcoin-abc\src\qt\paymentrequestplus.h(9): warning C4068: 未知的杂注 (编译源文件 .\GeneratedFiles\Debug\moc_sendcoinsentry.cpp)
d:\2.code\bitcoin-abc\src\qt\paymentrequestplus.h(11): warning C4068: 未知的杂注 (编译源文件 .\GeneratedFiles\Debug\moc_sendcoinsentry.cpp)
  Unknown compiler version - please run the configure tests and report the results
  moc_receivecoinsdialog.cpp
  moc_qvaluecombobox.cpp
  Unknown compiler version - please run the configure tests and report the results
  moc_qvalidatedlineedit.cpp
  moc_peertablemodel.cpp
  moc_paymentserver.cpp
d:\2.code\bitcoin-abc\src\qt\paymentrequestplus.h(8): warning C4068: 未知的杂注 (编译源文件 .\GeneratedFiles\Debug\moc_paymentserver.cpp)
d:\2.code\bitcoin-abc\src\qt\paymentrequestplus.h(9): warning C4068: 未知的杂注 (编译源文件 .\GeneratedFiles\Debug\moc_paymentserver.cpp)
  moc_overviewpage.cpp
d:\2.code\bitcoin-abc\src\qt\paymentrequestplus.h(8): warning C4068: 未知的杂注 (编译源文件 .\GeneratedFiles\Debug\moc_sendcoinsdialog.cpp)
d:\2.code\bitcoin-abc\src\qt\paymentrequestplus.h(9): warning C4068: 未知的杂注 (编译源文件 .\GeneratedFiles\Debug\moc_sendcoinsdialog.cpp)
  moc_optionsmodel.cpp
d:\2.code\bitcoin-abc\src\qt\paymentrequestplus.h(8): warning C4068: 未知的杂注 (编译源文件 .\GeneratedFiles\Debug\moc_recentrequeststablemodel.cpp)
d:\2.code\bitcoin-abc\src\qt\paymentrequestplus.h(9): warning C4068: 未知的杂注 (编译源文件 .\GeneratedFiles\Debug\moc_recentrequeststablemodel.cpp)
  Unknown compiler version - please run the configure tests and report the results
d:\2.code\bitcoin-abc\src\qt\paymentrequestplus.h(8): warning C4068: 未知的杂注 (编译源文件 .\GeneratedFiles\Debug\moc_receiverequestdialog.cpp)
d:\2.code\bitcoin-abc\src\qt\paymentrequestplus.h(9): warning C4068: 未知的杂注 (编译源文件 .\GeneratedFiles\Debug\moc_receiverequestdialog.cpp)
  Unknown compiler version - please run the configure tests and report the results
d:\2.code\bitcoin-abc\src\qt\paymentrequestplus.h(11): warning C4068: 未知的杂注 (编译源文件 .\GeneratedFiles\Debug\moc_sendcoinsdialog.cpp)
  Unknown compiler version - please run the configure tests and report the results
d:\2.code\bitcoin-abc\src\qt\paymentrequestplus.h(11): warning C4068: 未知的杂注 (编译源文件 .\GeneratedFiles\Debug\moc_recentrequeststablemodel.cpp)
d:\2.code\bitcoin-abc\src\qt\paymentrequestplus.h(11): warning C4068: 未知的杂注 (编译源文件 .\GeneratedFiles\Debug\moc_receiverequestdialog.cpp)
d:\2.code\bitcoin-abc\src\qt\paymentrequestplus.h(11): warning C4068: 未知的杂注 (编译源文件 .\GeneratedFiles\Debug\moc_paymentserver.cpp)
  Unknown compiler version - please run the configure tests and report the results
  Unknown compiler version - please run the configure tests and report the results
  Unknown compiler version - please run the configure tests and report the results
  moc_optionsdialog.cpp
  moc_openuridialog.cpp
  moc_notificator.cpp
  moc_modaloverlay.cpp
  moc_macnotificationhandler.cpp
  moc_macdockiconhandler.cpp
  moc_intro.cpp
  moc_guiutil.cpp
  bitcoin.cpp
  rpcconsole.cpp
d:\2.code\bitcoin-abc\src\qt\rpcconsole.cpp : warning C4819: 该文件包含不能在当前代码页(936)中表示的字符。请将该文件保存为 Unicode 格式以防止数据丢失
  overviewpage.cpp
  intro.cpp
  Unknown compiler version - please run the configure tests and report the results
  bitcoinamountfield.cpp
  Unknown compiler version - please run the configure tests and report the results
  qrc_bitcoin.cpp
  Unknown compiler version - please run the configure tests and report the results
  Unknown compiler version - please run the configure tests and report the results
  Unknown compiler version - please run the configure tests and report the results
d:\2.code\bitcoin-abc\src\qt\paymentrequestplus.h(8): warning C4068: 未知的杂注 (编译源文件 D:\2.code\bitcoin-abc\src\qt\bitcoin.cpp)
d:\2.code\bitcoin-abc\src\qt\paymentrequestplus.h(9): warning C4068: 未知的杂注 (编译源文件 D:\2.code\bitcoin-abc\src\qt\bitcoin.cpp)
d:\2.code\bitcoin-abc\src\qt\paymentrequestplus.h(11): warning C4068: 未知的杂注 (编译源文件 D:\2.code\bitcoin-abc\src\qt\bitcoin.cpp)
d:\2.code\bitcoin-abc\src\qt\paymentrequestplus.h(8): warning C4068: 未知的杂注 (编译源文件 overviewpage.cpp)
d:\2.code\bitcoin-abc\src\qt\paymentrequestplus.h(9): warning C4068: 未知的杂注 (编译源文件 overviewpage.cpp)
d:\2.code\bitcoin-abc\src\qt\paymentrequestplus.h(11): warning C4068: 未知的杂注 (编译源文件 overviewpage.cpp)
d:\qt\qt5.9.6\5.9.6\winrt_x86_msvc2017\include\qtnetwork\qtnetwork-config.h(11): warning C4005: “QT_NO_NETWORKPROXY”: 宏重定义 (编译源文件 D:\2.code\bitcoin-abc\src\qt\bitcoin.cpp)
  d:\qt\qt5.9.6\5.9.6\winrt_x86_msvc2017\include\qtnetwork\qtnetwork-config.h(11): note: 命令行参数: 参见前面的“QT_NO_NETWORKPROXY”定义 (编译源文件 D:\2.code\bitcoin-abc\src\qt\bitcoin.cpp)
