d:\2.code\bitcoin-abc\src\qt\generatedfiles\debug\rpcconsole.moc
d:\2.code\bitcoin-abc\src\qt\generatedfiles\debug\overviewpage.moc
d:\2.code\bitcoin-abc\src\qt\generatedfiles\debug\intro.moc
d:\2.code\bitcoin-abc\src\qt\generatedfiles\debug\bitcoinamountfield.moc
d:\2.code\bitcoin-abc\src\qt\generatedfiles\debug\moc_addressbookpage.cpp
d:\2.code\bitcoin-abc\src\qt\generatedfiles\debug\moc_addresstablemodel.cpp
d:\2.code\bitcoin-abc\src\qt\generatedfiles\debug\moc_askpassphrasedialog.cpp
d:\2.code\bitcoin-abc\src\qt\generatedfiles\debug\moc_bantablemodel.cpp
d:\2.code\bitcoin-abc\src\qt\generatedfiles\debug\moc_bitcoinaddressvalidator.cpp
d:\2.code\bitcoin-abc\src\qt\generatedfiles\debug\moc_bitcoinamountfield.cpp
d:\2.code\bitcoin-abc\src\qt\generatedfiles\debug\moc_bitcoingui.cpp
d:\2.code\bitcoin-abc\src\qt\generatedfiles\debug\moc_bitcoinunits.cpp
d:\2.code\bitcoin-abc\src\qt\generatedfiles\debug\moc_clientmodel.cpp
d:\2.code\bitcoin-abc\src\qt\generatedfiles\debug\moc_coincontroldialog.cpp
d:\2.code\bitcoin-abc\src\qt\generatedfiles\debug\moc_coincontroltreewidget.cpp
d:\2.code\bitcoin-abc\src\qt\generatedfiles\debug\moc_csvmodelwriter.cpp
d:\2.code\bitcoin-abc\src\qt\generatedfiles\debug\moc_editaddressdialog.cpp
d:\2.code\bitcoin-abc\src\qt\generatedfiles\debug\moc_walletview.cpp
d:\2.code\bitcoin-abc\src\qt\generatedfiles\debug\moc_walletmodel.cpp
d:\2.code\bitcoin-abc\src\qt\generatedfiles\debug\moc_walletframe.cpp
d:\2.code\bitcoin-abc\src\qt\generatedfiles\debug\moc_utilitydialog.cpp
d:\2.code\bitcoin-abc\src\qt\generatedfiles\debug\moc_transactionview.cpp
d:\2.code\bitcoin-abc\src\qt\generatedfiles\debug\moc_transactiontablemodel.cpp
d:\2.code\bitcoin-abc\src\qt\generatedfiles\debug\moc_transactionfilterproxy.cpp
d:\2.code\bitcoin-abc\src\qt\generatedfiles\debug\moc_transactiondescdialog.cpp
d:\2.code\bitcoin-abc\src\qt\generatedfiles\debug\moc_transactiondesc.cpp
d:\2.code\bitcoin-abc\src\qt\generatedfiles\debug\moc_trafficgraphwidget.cpp
d:\2.code\bitcoin-abc\src\qt\generatedfiles\debug\moc_splashscreen.cpp
d:\2.code\bitcoin-abc\src\qt\generatedfiles\debug\moc_signverifymessagedialog.cpp
d:\2.code\bitcoin-abc\src\qt\generatedfiles\debug\moc_sendcoinsentry.cpp
d:\2.code\bitcoin-abc\src\qt\generatedfiles\debug\moc_sendcoinsdialog.cpp
d:\2.code\bitcoin-abc\src\qt\generatedfiles\debug\moc_rpcconsole.cpp
d:\2.code\bitcoin-abc\src\qt\generatedfiles\debug\moc_recentrequeststablemodel.cpp
d:\2.code\bitcoin-abc\src\qt\generatedfiles\debug\moc_receiverequestdialog.cpp
d:\2.code\bitcoin-abc\src\qt\generatedfiles\debug\moc_receivecoinsdialog.cpp
d:\2.code\bitcoin-abc\src\qt\generatedfiles\debug\moc_qvaluecombobox.cpp
d:\2.code\bitcoin-abc\src\qt\generatedfiles\debug\moc_qvalidatedlineedit.cpp
d:\2.code\bitcoin-abc\src\qt\generatedfiles\debug\moc_peertablemodel.cpp
d:\2.code\bitcoin-abc\src\qt\generatedfiles\debug\moc_paymentserver.cpp
d:\2.code\bitcoin-abc\src\qt\generatedfiles\debug\moc_overviewpage.cpp
d:\2.code\bitcoin-abc\src\qt\generatedfiles\debug\moc_optionsmodel.cpp
d:\2.code\bitcoin-abc\src\qt\generatedfiles\debug\moc_optionsdialog.cpp
d:\2.code\bitcoin-abc\src\qt\generatedfiles\debug\moc_openuridialog.cpp
d:\2.code\bitcoin-abc\src\qt\generatedfiles\debug\moc_notificator.cpp
d:\2.code\bitcoin-abc\src\qt\generatedfiles\debug\moc_modaloverlay.cpp
d:\2.code\bitcoin-abc\src\qt\generatedfiles\debug\moc_macnotificationhandler.cpp
d:\2.code\bitcoin-abc\src\qt\generatedfiles\debug\moc_macdockiconhandler.cpp
d:\2.code\bitcoin-abc\src\qt\generatedfiles\debug\moc_intro.cpp
d:\2.code\bitcoin-abc\src\qt\generatedfiles\debug\moc_guiutil.cpp
d:\2.code\bitcoin-abc\src\qt\generatedfiles\qrc_bitcoin.cpp
d:\2.code\bitcoin-abc\src\qt\generatedfiles\ui_addressbookpage.h
d:\2.code\bitcoin-abc\src\qt\generatedfiles\ui_askpassphrasedialog.h
d:\2.code\bitcoin-abc\src\qt\generatedfiles\ui_coincontroldialog.h
d:\2.code\bitcoin-abc\src\qt\generatedfiles\ui_debugwindow.h
d:\2.code\bitcoin-abc\src\qt\generatedfiles\ui_editaddressdialog.h
d:\2.code\bitcoin-abc\src\qt\generatedfiles\ui_helpmessagedialog.h
d:\2.code\bitcoin-abc\src\qt\generatedfiles\ui_intro.h
d:\2.code\bitcoin-abc\src\qt\generatedfiles\ui_modaloverlay.h
d:\2.code\bitcoin-abc\src\qt\generatedfiles\ui_openuridialog.h
d:\2.code\bitcoin-abc\src\qt\generatedfiles\ui_optionsdialog.h
d:\2.code\bitcoin-abc\src\qt\generatedfiles\ui_overviewpage.h
d:\2.code\bitcoin-abc\src\qt\generatedfiles\ui_receivecoinsdialog.h
d:\2.code\bitcoin-abc\src\qt\generatedfiles\ui_receiverequestdialog.h
d:\2.code\bitcoin-abc\src\qt\generatedfiles\ui_sendcoinsdialog.h
d:\2.code\bitcoin-abc\src\qt\generatedfiles\ui_sendcoinsentry.h
d:\2.code\bitcoin-abc\src\qt\generatedfiles\ui_signverifymessagedialog.h
d:\2.code\bitcoin-abc\src\qt\generatedfiles\ui_transactiondescdialog.h
d:\2.code\bitcoin-abc\src\qt\debug\coincontroldialog.obj
d:\2.code\bitcoin-abc\src\qt\debug\moc_sendcoinsentry.obj
d:\2.code\bitcoin-abc\src\qt\debug\signverifymessagedialog.obj
d:\2.code\bitcoin-abc\src\qt\debug\moc_receiverequestdialog.obj
d:\2.code\bitcoin-abc\src\qt\debug\addresstablemodel.obj
d:\2.code\bitcoin-abc\src\qt\debug\walletmodel.obj
d:\2.code\bitcoin-abc\src\qt\debug\openuridialog.obj
d:\2.code\bitcoin-abc\src\qt\debug\recentrequeststablemodel.obj
d:\2.code\bitcoin-abc\src\qt\debug\walletmodeltransaction.obj
d:\2.code\bitcoin-abc\src\qt\debug\guiutil.obj
d:\2.code\bitcoin-abc\src\qt\debug\receiverequestdialog.obj
d:\2.code\bitcoin-abc\src\qt\debug\moc_sendcoinsdialog.obj
d:\2.code\bitcoin-abc\src\qt\debug\transactionview.obj
d:\2.code\bitcoin-abc\src\qt\debug\moc_recentrequeststablemodel.obj
d:\2.code\bitcoin-abc\src\qt\debug\transactiondesc.obj
d:\2.code\bitcoin-abc\src\qt\debug\sendcoinsentry.obj
d:\2.code\bitcoin-abc\src\qt\debug\walletview.obj
d:\2.code\bitcoin-abc\src\qt\debug\moc_paymentserver.obj
d:\2.code\bitcoin-abc\src\qt\debug\sendcoinsdialog.obj
d:\2.code\bitcoin-abc\src\qt\debug\overviewpage.obj
d:\2.code\bitcoin-abc\src\qt\debug\paymentrequest.pb.obj
d:\2.code\bitcoin-abc\src\qt\debug\receivecoinsdialog.obj
d:\2.code\bitcoin-abc\src\qt\debug\transactiontablemodel.obj
d:\2.code\bitcoin-abc\src\qt\debug\moc_walletmodel.obj
d:\2.code\bitcoin-abc\src\qt\debug\bitcoingui.obj
d:\2.code\bitcoin-abc\src\qt\debug\moc_transactionfilterproxy.obj
d:\2.code\bitcoin-abc\src\qt\debug\moc_receivecoinsdialog.obj
d:\2.code\bitcoin-abc\src\qt\debug\bitcoinamountfield.obj
d:\2.code\bitcoin-abc\src\qt\debug\bitcoinunits.obj
d:\2.code\bitcoin-abc\src\qt\debug\moc_walletview.obj
d:\2.code\bitcoin-abc\src\qt\debug\addressbookpage.obj
d:\2.code\bitcoin-abc\src\qt\debug\transactionrecord.obj
d:\2.code\bitcoin-abc\src\qt\debug\moc_bitcoinunits.obj
d:\2.code\bitcoin-abc\src\qt\debug\moc_transactiontablemodel.obj
d:\2.code\bitcoin-abc\src\qt\debug\moc_peertablemodel.obj
d:\2.code\bitcoin-abc\src\qt\debug\clientmodel.obj
d:\2.code\bitcoin-abc\src\qt\debug\splashscreen.obj
d:\2.code\bitcoin-abc\src\qt\debug\moc_notificator.obj
d:\2.code\bitcoin-abc\src\qt\debug\coincontroltreewidget.obj
d:\2.code\bitcoin-abc\src\qt\debug\modaloverlay.obj
d:\2.code\bitcoin-abc\src\qt\debug\peertablemodel.obj
d:\2.code\bitcoin-abc\src\qt\debug\moc_overviewpage.obj
d:\2.code\bitcoin-abc\src\qt\debug\askpassphrasedialog.obj
d:\2.code\bitcoin-abc\src\qt\debug\moc_transactionview.obj
d:\2.code\bitcoin-abc\src\qt\debug\moc_optionsmodel.obj
d:\2.code\bitcoin-abc\src\qt\debug\intro.obj
d:\2.code\bitcoin-abc\src\qt\debug\bitcoinaddressvalidator.obj
d:\2.code\bitcoin-abc\src\qt\debug\notificator.obj
d:\2.code\bitcoin-abc\src\qt\debug\rpcconsole.obj
d:\2.code\bitcoin-abc\src\qt\debug\editaddressdialog.obj
d:\2.code\bitcoin-abc\src\qt\debug\optionsdialog.obj
d:\2.code\bitcoin-abc\src\qt\debug\moc_bitcoinamountfield.obj
d:\2.code\bitcoin-abc\src\qt\debug\moc_coincontroldialog.obj
d:\2.code\bitcoin-abc\src\qt\debug\bantablemodel.obj
d:\2.code\bitcoin-abc\src\qt\debug\transactiondescdialog.obj
d:\2.code\bitcoin-abc\src\qt\debug\walletframe.obj
d:\2.code\bitcoin-abc\src\qt\debug\moc_bantablemodel.obj
d:\2.code\bitcoin-abc\src\qt\debug\moc_rpcconsole.obj
d:\2.code\bitcoin-abc\src\qt\debug\transactionfilterproxy.obj
d:\2.code\bitcoin-abc\src\qt\debug\utilitydialog.obj
d:\2.code\bitcoin-abc\src\qt\debug\moc_bitcoingui.obj
d:\2.code\bitcoin-abc\src\qt\debug\moc_guiutil.obj
d:\2.code\bitcoin-abc\src\qt\debug\trafficgraphwidget.obj
d:\2.code\bitcoin-abc\src\qt\debug\moc_addressbookpage.obj
d:\2.code\bitcoin-abc\src\qt\debug\moc_addresstablemodel.obj
d:\2.code\bitcoin-abc\src\qt\debug\moc_askpassphrasedialog.obj
d:\2.code\bitcoin-abc\src\qt\debug\moc_coincontroltreewidget.obj
d:\2.code\bitcoin-abc\src\qt\debug\moc_modaloverlay.obj
d:\2.code\bitcoin-abc\src\qt\debug\qrc_bitcoin.obj
d:\2.code\bitcoin-abc\src\qt\debug\bitcoinstrings.obj
d:\2.code\bitcoin-abc\src\qt\debug\csvmodelwriter.obj
d:\2.code\bitcoin-abc\src\qt\debug\platformstyle.obj
d:\2.code\bitcoin-abc\src\qt\debug\qvalidatedlineedit.obj
d:\2.code\bitcoin-abc\src\qt\debug\moc_editaddressdialog.obj
d:\2.code\bitcoin-abc\src\qt\debug\moc_transactiondescdialog.obj
d:\2.code\bitcoin-abc\src\qt\debug\moc_bitcoinaddressvalidator.obj
d:\2.code\bitcoin-abc\src\qt\debug\moc_csvmodelwriter.obj
d:\2.code\bitcoin-abc\src\qt\debug\moc_macdockiconhandler.obj
d:\2.code\bitcoin-abc\src\qt\debug\moc_utilitydialog.obj
d:\2.code\bitcoin-abc\src\qt\debug\moc_signverifymessagedialog.obj
d:\2.code\bitcoin-abc\src\qt\debug\networkstyle.obj
d:\2.code\bitcoin-abc\src\qt\debug\moc_macnotificationhandler.obj
d:\2.code\bitcoin-abc\src\qt\debug\moc_clientmodel.obj
d:\2.code\bitcoin-abc\src\qt\debug\moc_trafficgraphwidget.obj
d:\2.code\bitcoin-abc\src\qt\debug\moc_qvaluecombobox.obj
d:\2.code\bitcoin-abc\src\qt\debug\moc_optionsdialog.obj
d:\2.code\bitcoin-abc\src\qt\debug\qvaluecombobox.obj
d:\2.code\bitcoin-abc\src\qt\debug\moc_qvalidatedlineedit.obj
d:\2.code\bitcoin-abc\src\qt\debug\moc_openuridialog.obj
d:\2.code\bitcoin-abc\src\qt\debug\moc_transactiondesc.obj
d:\2.code\bitcoin-abc\src\qt\debug\moc_walletframe.obj
d:\2.code\bitcoin-abc\src\qt\debug\moc_splashscreen.obj
d:\2.code\bitcoin-abc\src\qt\debug\moc_intro.obj
d:\2.code\bitcoin-abc\src\qt\debug\vc141.pdb
d:\2.code\bitcoin-abc\src\qt\debug\bitcoin.tlog\bitcoin.write.1u.tlog
d:\2.code\bitcoin-abc\src\qt\debug\bitcoin.tlog\cl.10008.write.1.tlog
d:\2.code\bitcoin-abc\src\qt\debug\bitcoin.tlog\cl.command.1.tlog
d:\2.code\bitcoin-abc\src\qt\debug\bitcoin.tlog\cl.read.1.tlog
